<?xml version="1.0" encoding="utf-8"?><testsuites><testsuite name="pytest" errors="1" failures="0" skipped="0" tests="1" time="0.189" timestamp="2023-02-24T13:04:17.776309" hostname="8L4IT02"><testcase classname="" name="test_operacion" time="0.000"><error message="collection failure">ImportError while importing test module 'C:\Python310_SeleniumFramework\src\tests\test_operacion.py'.
Hint: make sure your test modules/packages have valid Python names.
Traceback:
C:\Python310\lib\importlib\__init__.py:126: in import_module
    return _bootstrap._gcd_import(name[level:], package, level)
test_operacion.py:4: in &lt;module&gt;
    from tests.operacion import area
E   ModuleNotFoundError: No module named 'tests.operacion'</error></testcase></testsuite></testsuites>